<?xml version="1.0" encoding="UTF-8"?>
<testsuite name="cleanTest.todoly.LoginTest" tests="1" skipped="0" failures="0" errors="0" timestamp="2022-11-02T18:10:18" hostname="DESKTOP-IGNEEL" time="11.505">
  <properties/>
  <testcase name="Verify user can log in" classname="cleanTest.todoly.LoginTest" time="11.505"/>
  <system-out><![CDATA[]]></system-out>
  <system-err><![CDATA[Starting Microsoft Edge WebDriver 107.0.1418.26 (801aa30e905471d971868b02ed128260f15a3a04) on port 57127
To submit feedback, report a bug, or suggest new features, please visit https://github.com/MicrosoftEdge/EdgeWebDriver

Only local connections are allowed.
Please see https://aka.ms/WebDriverSecurity for suggestions on keeping Microsoft Edge WebDriver safe.

Microsoft Edge WebDriver was started successfully.
nov. 02, 2022 3:10:22 P. M. org.openqa.selenium.remote.ProtocolHandshake createSession
INFO: Detected upstream dialect: W3C
nov. 02, 2022 3:10:22 P. M. org.openqa.selenium.devtools.CdpVersionFinder findNearestMatch
WARNING: Unable to find an exact match for CDP version 107, so returning the closest version found: 106
nov. 02, 2022 3:10:22 P. M. org.openqa.selenium.devtools.CdpVersionFinder findNearestMatch
INFO: Found CDP implementation for version 107 of 106
nov. 02, 2022 3:10:28 P. M. cleanTest.todoly.logger testSuccessful
INFO: Test Successful for test {}: 
]]></system-err>
</testsuite>
