<?xml version="1.0" encoding="UTF-8"?>
<testsuite name="cleanTest.todoly.LoginTest" tests="1" skipped="0" failures="0" errors="0" timestamp="2022-11-01T15:51:15" hostname="DESKTOP-IGNEEL" time="10.275">
  <properties/>
  <testcase name="Verify user can log in" classname="cleanTest.todoly.LoginTest" time="10.275"/>
  <system-out><![CDATA[]]></system-out>
  <system-err><![CDATA[Starting ChromeDriver 106.0.5249.61 (511755355844955cd3e264779baf0dd38212a4d0-refs/branch-heads/5249@{#569}) on port 61823
Only local connections are allowed.
Please see https://chromedriver.chromium.org/security-considerations for suggestions on keeping ChromeDriver safe.
ChromeDriver was started successfully.
nov. 01, 2022 12:51:18 P. M. org.openqa.selenium.remote.ProtocolHandshake createSession
INFO: Detected upstream dialect: W3C
nov. 01, 2022 12:51:18 P. M. org.openqa.selenium.devtools.CdpVersionFinder findNearestMatch
INFO: Found exact CDP implementation for version 106
]]></system-err>
</testsuite>
